<?xml version="1.0" encoding="UTF-8"?>
<!-- Generated by org.testng.reporters.JUnitReportReporter -->
<testsuite hostname="DESKTOP-6LB77J4" failures="0" tests="4" name="testpageobjects.HomePageTest" time="37.468" errors="0" timestamp="2022-07-25T12:37:53 PDT" skipped="0">
  <testcase classname="testpageobjects.HomePageTest" name="logotest" time="7.747"/>
  <system-out/>
  <testcase classname="testpageobjects.HomePageTest" name="checkstudentaccesstest" time="11.356"/>
  <system-out/>
  <testcase classname="testpageobjects.HomePageTest" name="homepagetitletest" time="10.319"/>
  <system-out/>
  <testcase classname="testpageobjects.HomePageTest" name="signintest" time="8.046"/>
  <system-out/>
</testsuite> <!-- testpageobjects.HomePageTest -->
