<?xml version="1.0" encoding="UTF-8"?>
<!-- Generated by org.testng.reporters.JUnitReportReporter -->
<testsuite hostname="DESKTOP-6LB77J4" failures="0" tests="2" name="testpageobjects.LoginPageTest" time="14.725" errors="0" timestamp="2022-07-25T12:44:03 PDT" skipped="0">
  <testcase classname="testpageobjects.LoginPageTest" name="loginPagetitletest" time="6.957"/>
  <system-out/>
  <testcase classname="testpageobjects.LoginPageTest" name="checksignintest" time="7.768"/>
  <system-out/>
</testsuite> <!-- testpageobjects.LoginPageTest -->
