<?xml version="1.0" encoding="UTF-8"?>
<!-- Generated by org.testng.reporters.JUnitReportReporter -->
<testsuite hostname="DESKTOP-6LB77J4" failures="0" tests="1" name="testpageobjects.LandingPageTest" time="11.428" errors="0" timestamp="2022-07-25T12:56:47 PDT" skipped="0">
  <testcase classname="testpageobjects.LandingPageTest" name="landingpagetitletest" time="11.428"/>
  <system-out/>
</testsuite> <!-- testpageobjects.LandingPageTest -->
